# JRE version: Java(TM) SE Runtime Environment (8.0_40-b26) (build 1.8.0_40-b26)
# Java VM: Java HotSpot(TM) 64-Bit Server VM (25.40-b25 mixed mode linux-amd64 compressed oops)
Heap:
 PSYoungGen      total 461824K, used 337796K [0x00000000d7000000, 0x00000000f4780000, 0x0000000100000000)
  eden space 440832K, 76% used [0x00000000d7000000,0x00000000eb9e10a8,0x00000000f1e80000)
  from space 20992K, 0% used [0x00000000f3300000,0x00000000f3300000,0x00000000f4780000)
  to   space 20992K, 0% used [0x00000000f1e80000,0x00000000f1e80000,0x00000000f3300000)
 ParOldGen       total 114688K, used 38873K [0x0000000085000000, 0x000000008c000000, 0x00000000d7000000)
  object space 114688K, 33% used [0x0000000085000000,0x00000000875f66b8,0x000000008c000000)
 Metaspace       used 80404K, capacity 85028K, committed 85296K, reserved 1122304K
  class space    used 10759K, capacity 11524K, committed 11568K, reserved 1048576K
GC Heap History (10 events):
Event: 261.647 GC heap before
{Heap before GC invocations=22 (full 6):
 PSYoungGen      total 382976K, used 352926K [0x00000000d7000000, 0x00000000f0680000, 0x0000000100000000)
  eden space 373248K, 94% used [0x00000000d7000000,0x00000000ec8a78c8,0x00000000edc80000)
  from space 9728K, 0% used [0x00000000edc80000,0x00000000edc80000,0x00000000ee600000)
  to   space 21504K, 0% used [0x00000000ef180000,0x00000000ef180000,0x00000000f0680000)
 ParOldGen       total 114688K, used 42035K [0x0000000085000000, 0x000000008c000000, 0x00000000d7000000)
  object space 114688K, 36% used [0x0000000085000000,0x000000008790cf90,0x000000008c000000)
 Metaspace       used 78566K, capacity 82808K, committed 83120K, reserved 1120256K
  class space    used 10674K, capacity 11381K, committed 11440K, reserved 1048576K
Event: 261.656 GC heap after
Heap after GC invocations=22 (full 6):
 PSYoungGen      total 392704K, used 10710K [0x00000000d7000000, 0x00000000f0480000, 0x0000000100000000)
  eden space 373248K, 0% used [0x00000000d7000000,0x00000000d7000000,0x00000000edc80000)
  from space 19456K, 55% used [0x00000000ef180000,0x00000000efbf5b50,0x00000000f0480000)
  to   space 20480K, 0% used [0x00000000edc80000,0x00000000edc80000,0x00000000ef080000)
 ParOldGen       total 114688K, used 42043K [0x0000000085000000, 0x000000008c000000, 0x00000000d7000000)
  object space 114688K, 36% used [0x0000000085000000,0x000000008790ef90,0x000000008c000000)
 Metaspace       used 78566K, capacity 82808K, committed 83120K, reserved 1120256K
  class space    used 10674K, capacity 11381K, committed 11440K, reserved 1048576K
}
Event: 261.656 GC heap before
{Heap before GC invocations=23 (full 7):
 PSYoungGen      total 392704K, used 10710K [0x00000000d7000000, 0x00000000f0480000, 0x0000000100000000)
  eden space 373248K, 0% used [0x00000000d7000000,0x00000000d7000000,0x00000000edc80000)
  from space 19456K, 55% used [0x00000000ef180000,0x00000000efbf5b50,0x00000000f0480000)
  to   space 20480K, 0% used [0x00000000edc80000,0x00000000edc80000,0x00000000ef080000)
 ParOldGen       total 114688K, used 42043K [0x0000000085000000, 0x000000008c000000, 0x00000000d7000000)
  object space 114688K, 36% used [0x0000000085000000,0x000000008790ef90,0x000000008c000000)
 Metaspace       used 78566K, capacity 82808K, committed 83120K, reserved 1120256K
  class space    used 10674K, capacity 11381K, committed 11440K, reserved 1048576K
Event: 261.869 GC heap after
Heap after GC invocations=23 (full 7):
 PSYoungGen      total 392704K, used 0K [0x00000000d7000000, 0x00000000f0480000, 0x0000000100000000)
  eden space 373248K, 0% used [0x00000000d7000000,0x00000000d7000000,0x00000000edc80000)
  from space 19456K, 0% used [0x00000000ef180000,0x00000000ef180000,0x00000000f0480000)
  to   space 20480K, 0% used [0x00000000edc80000,0x00000000edc80000,0x00000000ef080000)
 ParOldGen       total 114688K, used 46911K [0x0000000085000000, 0x000000008c000000, 0x00000000d7000000)
  object space 114688K, 40% used [0x0000000085000000,0x0000000087dcffe8,0x000000008c000000)
 Metaspace       used 78566K, capacity 82808K, committed 83120K, reserved 1120256K
  class space    used 10674K, capacity 11381K, committed 11440K, reserved 1048576K
}
Event: 635.482 GC heap before
{Heap before GC invocations=24 (full 7):
 PSYoungGen      total 392704K, used 373248K [0x00000000d7000000, 0x00000000f0480000, 0x0000000100000000)
  eden space 373248K, 100% used [0x00000000d7000000,0x00000000edc80000,0x00000000edc80000)
  from space 19456K, 0% used [0x00000000ef180000,0x00000000ef180000,0x00000000f0480000)
  to   space 20480K, 0% used [0x00000000edc80000,0x00000000edc80000,0x00000000ef080000)
 ParOldGen       total 114688K, used 46911K [0x0000000085000000, 0x000000008c000000, 0x00000000d7000000)
  object space 114688K, 40% used [0x0000000085000000,0x0000000087dcffe8,0x000000008c000000)
 Metaspace       used 79511K, capacity 83854K, committed 84016K, reserved 1122304K
  class space    used 10717K, capacity 11464K, committed 11568K, reserved 1048576K
Event: 635.507 GC heap after
Heap after GC invocations=24 (full 7):
 PSYoungGen      total 393728K, used 13739K [0x00000000d7000000, 0x00000000f4780000, 0x0000000100000000)
  eden space 373248K, 0% used [0x00000000d7000000,0x00000000d7000000,0x00000000edc80000)
  from space 20480K, 67% used [0x00000000edc80000,0x00000000ee9eafb0,0x00000000ef080000)
  to   space 20992K, 0% used [0x00000000f3300000,0x00000000f3300000,0x00000000f4780000)
 ParOldGen       total 114688K, used 46919K [0x0000000085000000, 0x000000008c000000, 0x00000000d7000000)
  object space 114688K, 40% used [0x0000000085000000,0x0000000087dd1fe8,0x000000008c000000)
 Metaspace       used 79511K, capacity 83854K, committed 84016K, reserved 1122304K
  class space    used 10717K, capacity 11464K, committed 11568K, reserved 1048576K
}
Event: 3470.348 GC heap before
{Heap before GC invocations=25 (full 7):
 PSYoungGen      total 393728K, used 261744K [0x00000000d7000000, 0x00000000f4780000, 0x0000000100000000)
  eden space 373248K, 66% used [0x00000000d7000000,0x00000000e6231398,0x00000000edc80000)
  from space 20480K, 67% used [0x00000000edc80000,0x00000000ee9eafb0,0x00000000ef080000)
  to   space 20992K, 0% used [0x00000000f3300000,0x00000000f3300000,0x00000000f4780000)
 ParOldGen       total 114688K, used 46919K [0x0000000085000000, 0x000000008c000000, 0x00000000d7000000)
  object space 114688K, 40% used [0x0000000085000000,0x0000000087dd1fe8,0x000000008c000000)
 Metaspace       used 79818K, capacity 84180K, committed 84528K, reserved 1122304K
  class space    used 10721K, capacity 11466K, committed 11568K, reserved 1048576K
Event: 3470.363 GC heap after
Heap after GC invocations=25 (full 7):
 PSYoungGen      total 461824K, used 4932K [0x00000000d7000000, 0x00000000f4780000, 0x0000000100000000)
  eden space 440832K, 0% used [0x00000000d7000000,0x00000000d7000000,0x00000000f1e80000)
  from space 20992K, 23% used [0x00000000f3300000,0x00000000f37d1368,0x00000000f4780000)
  to   space 20992K, 0% used [0x00000000f1e80000,0x00000000f1e80000,0x00000000f3300000)
 ParOldGen       total 114688K, used 46927K [0x0000000085000000, 0x000000008c000000, 0x00000000d7000000)
  object space 114688K, 40% used [0x0000000085000000,0x0000000087dd3fe8,0x000000008c000000)
 Metaspace       used 79818K, capacity 84180K, committed 84528K, reserved 1122304K
  class space    used 10721K, capacity 11466K, committed 11568K, reserved 1048576K
}
Event: 3470.363 GC heap before
{Heap before GC invocations=26 (full 8):
 PSYoungGen      total 461824K, used 4932K [0x00000000d7000000, 0x00000000f4780000, 0x0000000100000000)
  eden space 440832K, 0% used [0x00000000d7000000,0x00000000d7000000,0x00000000f1e80000)
  from space 20992K, 23% used [0x00000000f3300000,0x00000000f37d1368,0x00000000f4780000)
  to   space 20992K, 0% used [0x00000000f1e80000,0x00000000f1e80000,0x00000000f3300000)
 ParOldGen       total 114688K, used 46927K [0x0000000085000000, 0x000000008c000000, 0x00000000d7000000)
  object space 114688K, 40% used [0x0000000085000000,0x0000000087dd3fe8,0x000000008c000000)
 Metaspace       used 79818K, capacity 84180K, committed 84528K, reserved 1122304K
  class space    used 10721K, capacity 11466K, committed 11568K, reserved 1048576K
Event: 3470.629 GC heap after
Heap after GC invocations=26 (full 8):
 PSYoungGen      total 461824K, used 0K [0x00000000d7000000, 0x00000000f4780000, 0x0000000100000000)
  eden space 440832K, 0% used [0x00000000d7000000,0x00000000d7000000,0x00000000f1e80000)
  from space 20992K, 0% used [0x00000000f3300000,0x00000000f3300000,0x00000000f4780000)
  to   space 20992K, 0% used [0x00000000f1e80000,0x00000000f1e80000,0x00000000f3300000)
 ParOldGen       total 114688K, used 38873K [0x0000000085000000, 0x000000008c000000, 0x00000000d7000000)
  object space 114688K, 33% used [0x0000000085000000,0x00000000875f66b8,0x000000008c000000)
 Metaspace       used 79422K, capacity 83554K, committed 84528K, reserved 1122304K
  class space    used 10661K, capacity 11357K, committed 11568K, reserved 1048576K
}

